ant:

<mkdir dir="C:\Ravi\Programming\Matlab\PS_Project\PCA_Databade\distrib" />
<mkdir dir="C:\Ravi\Programming\Matlab\PS_Project\PCA_Databade\src" />
mcc -o PCA_Databade -W WinMain:PCA_Databade -T link:exe -d C:\Ravi\Programming\Matlab\PS_Project\PCA_Databade\src -w enable:specified_file_mismatch -w enable:repeated_file -w enable:switch_ignored -w enable:missing_lib_sentinel -w enable:demo_license -v C:\Ravi\Programming\Matlab\PS_Project\demo_compre\Database.m
Compiler version: 4.18.1 (R2013a)
Processing C:\Program Files\MATLAB\R2013a\toolbox\matlab\mcc.enc
Processing C:\Program Files\MATLAB\R2013a\toolbox\images\mcc.enc
Processing C:\Ravi\Programming\Matlab\PS_Project\demo_compre\Database.fig
Processing C:\Program Files\MATLAB\R2013a\toolbox\matlab\guide\guideopts.fig
Processing C:\Program Files\MATLAB\R2013a\toolbox\matlab\winfun\actxcontrolselect.fig
Processing C:\Program Files\MATLAB\R2013a\toolbox\matlab\winfun\actxcontrolcreateproperty.fig
Processing C:\Program Files\MATLAB\R2013a\toolbox\shared\spcuilib\mcc.enc
Processing include files...
2 item(s) added.
Processing directories installed with MCR...
The file C:\Ravi\Programming\Matlab\PS_Project\PCA_Databade\src\mccExcludedFiles.log contains a list of functions excluded from the CTF archive.
0 item(s) added.
Generating MATLAB path for the compiled application...
Created 50 path items.
Warning: Adding path "C:\Ravi\Programming\Matlab\PS_Project\demo_compre" to
Compiler path instance.
Parsing file "C:\Ravi\Programming\Matlab\PS_Project\demo_compre\Database.m"
    (Referenced from: "Compiler Command Line").
Parsing file "C:\Program Files\MATLAB\R2013a\toolbox\compiler\deploy\deployprint.m"
    (Referenced from: "Compiler Command Line").
Parsing file "C:\Program Files\MATLAB\R2013a\toolbox\compiler\deploy\printdlg.m"
    (Referenced from: "Compiler Command Line").
Deleting 7 temporary MEX authorization files.
Removing: 'C:\Users\Admin\AppData\Local\Temp\mathworks_tmp_1600_14456_1600.auth'.
Removing: 'C:\Users\Admin\AppData\Local\Temp\mathworks_tmp_1600_26913_1600.auth'.
Removing: 'C:\Users\Admin\AppData\Local\Temp\mathworks_tmp_1600_28103_1600.auth'.
Removing: 'C:\Users\Admin\AppData\Local\Temp\mathworks_tmp_1600_32550_1600.auth'.
Removing: 'C:\Users\Admin\AppData\Local\Temp\mathworks_tmp_1600_897_1600.auth'.
Removing: 'C:\Users\Admin\AppData\Local\Temp\mathworks_tmp_1600_18875_1600.auth'.
Removing: 'C:\Users\Admin\AppData\Local\Temp\mathworks_tmp_1600_18207_1600.auth'.
Generating file "C:\Ravi\Programming\Matlab\PS_Project\PCA_Databade\src\readme.txt".
copy 'C:\Ravi\Programming\Matlab\PS_Project\PCA_Databade\src\PCA_Databade.exe' 'C:\Ravi\Programming\Matlab\PS_Project\PCA_Databade\distrib\PCA_Databade.exe'
copy 'C:\Ravi\Programming\Matlab\PS_Project\PCA_Databade\src\readme.txt' 'C:\Ravi\Programming\Matlab\PS_Project\PCA_Databade\distrib\readme.txt'